\BOOKMARK [1][-]{section*.2}{Introduction}{}% 1
\BOOKMARK [1][-]{section*.3}{Task Analysis}{}% 2
\BOOKMARK [2][-]{section*.4}{Who is involved?}{section*.3}% 3
\BOOKMARK [2][-]{section*.6}{Use Case Diagram}{section*.3}% 4
\BOOKMARK [2][-]{section*.8}{Data flow}{section*.3}% 5
\BOOKMARK [2][-]{section*.11}{State Transitions}{section*.3}% 6
\BOOKMARK [1][-]{section*.14}{Design}{}% 7
\BOOKMARK [2][-]{section*.16}{Fishermen}{section*.14}% 8
\BOOKMARK [2][-]{section*.18}{Warehouse Staff}{section*.14}% 9
\BOOKMARK [2][-]{section*.20}{Buyer}{section*.14}% 10
\BOOKMARK [2][-]{section*.22}{Administration}{section*.14}% 11
\BOOKMARK [1][-]{section*.23}{Prototype}{}% 12
\BOOKMARK [2][-]{section*.24}{Pagelist}{section*.23}% 13
\BOOKMARK [1][-]{section*.25}{Shneiderman’s 8 Golden Rules}{}% 14
\BOOKMARK [2][-]{section*.26}{Consistency}{section*.25}% 15
\BOOKMARK [2][-]{section*.27}{Shortcuts}{section*.25}% 16
\BOOKMARK [2][-]{section*.28}{Informative Feedback}{section*.25}% 17
\BOOKMARK [2][-]{section*.29}{Closure Dialog}{section*.25}% 18
\BOOKMARK [2][-]{section*.30}{Error Handling}{section*.25}% 19
\BOOKMARK [2][-]{section*.31}{Action Reversal}{section*.25}% 20
\BOOKMARK [2][-]{section*.32}{Internal Locus of Control}{section*.25}% 21
\BOOKMARK [2][-]{section*.33}{Short-Term Memory Load Reduction}{section*.25}% 22
\BOOKMARK [1][-]{section*.34}{Reflection}{}% 23
